{"C:/Users/mrath/git-repos/m3re-unicorn/unicorn-darts/src/composables/useDatabase.ts": {"path":"C:/Users/mrath/git-repos/m3re-unicorn/unicorn-darts/src/composables/useDatabase.ts","statementMap":{"0":{"start":{"line":6,"column":37},"end":{"line":6,"column":null}},"1":{"start":{"line":10,"column":4},"end":{"line":12,"column":null}},"2":{"start":{"line":11,"column":6},"end":{"line":11,"column":null}},"3":{"start":{"line":14,"column":4},"end":{"line":39,"column":null}},"4":{"start":{"line":15,"column":22},"end":{"line":15,"column":null}},"5":{"start":{"line":17,"column":6},"end":{"line":19,"column":null}},"6":{"start":{"line":18,"column":8},"end":{"line":18,"column":null}},"7":{"start":{"line":21,"column":6},"end":{"line":24,"column":null}},"8":{"start":{"line":22,"column":8},"end":{"line":22,"column":null}},"9":{"start":{"line":23,"column":8},"end":{"line":23,"column":null}},"10":{"start":{"line":26,"column":6},"end":{"line":38,"column":null}},"11":{"start":{"line":27,"column":20},"end":{"line":27,"column":null}},"12":{"start":{"line":29,"column":8},"end":{"line":31,"column":null}},"13":{"start":{"line":30,"column":10},"end":{"line":30,"column":null}},"14":{"start":{"line":33,"column":8},"end":{"line":37,"column":null}},"15":{"start":{"line":34,"column":29},"end":{"line":34,"column":null}},"16":{"start":{"line":35,"column":10},"end":{"line":35,"column":null}},"17":{"start":{"line":36,"column":10},"end":{"line":36,"column":null}},"18":{"start":{"line":43,"column":15},"end":{"line":43,"column":null}},"19":{"start":{"line":44,"column":27},"end":{"line":47,"column":null}},"20":{"start":{"line":49,"column":4},"end":{"line":61,"column":null}},"21":{"start":{"line":50,"column":26},"end":{"line":50,"column":null}},"22":{"start":{"line":51,"column":20},"end":{"line":51,"column":null}},"23":{"start":{"line":52,"column":22},"end":{"line":52,"column":null}},"24":{"start":{"line":54,"column":6},"end":{"line":56,"column":null}},"25":{"start":{"line":55,"column":8},"end":{"line":55,"column":null}},"26":{"start":{"line":58,"column":6},"end":{"line":60,"column":null}},"27":{"start":{"line":59,"column":8},"end":{"line":59,"column":null}},"28":{"start":{"line":65,"column":15},"end":{"line":65,"column":null}},"29":{"start":{"line":67,"column":4},"end":{"line":79,"column":null}},"30":{"start":{"line":68,"column":26},"end":{"line":68,"column":null}},"31":{"start":{"line":69,"column":20},"end":{"line":69,"column":null}},"32":{"start":{"line":70,"column":22},"end":{"line":70,"column":null}},"33":{"start":{"line":72,"column":6},"end":{"line":74,"column":null}},"34":{"start":{"line":73,"column":8},"end":{"line":73,"column":null}},"35":{"start":{"line":76,"column":6},"end":{"line":78,"column":null}},"36":{"start":{"line":77,"column":8},"end":{"line":77,"column":null}},"37":{"start":{"line":83,"column":15},"end":{"line":83,"column":null}},"38":{"start":{"line":85,"column":4},"end":{"line":97,"column":null}},"39":{"start":{"line":86,"column":26},"end":{"line":86,"column":null}},"40":{"start":{"line":87,"column":20},"end":{"line":87,"column":null}},"41":{"start":{"line":88,"column":22},"end":{"line":88,"column":null}},"42":{"start":{"line":90,"column":6},"end":{"line":92,"column":null}},"43":{"start":{"line":91,"column":8},"end":{"line":91,"column":null}},"44":{"start":{"line":94,"column":6},"end":{"line":96,"column":null}},"45":{"start":{"line":95,"column":8},"end":{"line":95,"column":null}},"46":{"start":{"line":101,"column":15},"end":{"line":101,"column":null}},"47":{"start":{"line":102,"column":27},"end":{"line":102,"column":null}},"48":{"start":{"line":104,"column":4},"end":{"line":106,"column":null}},"49":{"start":{"line":105,"column":6},"end":{"line":105,"column":null}},"50":{"start":{"line":109,"column":16},"end":{"line":109,"column":null}},"51":{"start":{"line":110,"column":22},"end":{"line":112,"column":null}},"52":{"start":{"line":114,"column":34},"end":{"line":119,"column":null}},"53":{"start":{"line":121,"column":4},"end":{"line":133,"column":null}},"54":{"start":{"line":122,"column":26},"end":{"line":122,"column":null}},"55":{"start":{"line":123,"column":20},"end":{"line":123,"column":null}},"56":{"start":{"line":124,"column":22},"end":{"line":124,"column":null}},"57":{"start":{"line":126,"column":6},"end":{"line":128,"column":null}},"58":{"start":{"line":127,"column":8},"end":{"line":127,"column":null}},"59":{"start":{"line":130,"column":6},"end":{"line":132,"column":null}},"60":{"start":{"line":131,"column":8},"end":{"line":131,"column":null}},"61":{"start":{"line":137,"column":15},"end":{"line":137,"column":null}},"62":{"start":{"line":138,"column":27},"end":{"line":138,"column":null}},"63":{"start":{"line":140,"column":4},"end":{"line":142,"column":null}},"64":{"start":{"line":141,"column":6},"end":{"line":141,"column":null}},"65":{"start":{"line":144,"column":4},"end":{"line":156,"column":null}},"66":{"start":{"line":145,"column":26},"end":{"line":145,"column":null}},"67":{"start":{"line":146,"column":20},"end":{"line":146,"column":null}},"68":{"start":{"line":147,"column":22},"end":{"line":147,"column":null}},"69":{"start":{"line":149,"column":6},"end":{"line":151,"column":null}},"70":{"start":{"line":150,"column":8},"end":{"line":150,"column":null}},"71":{"start":{"line":153,"column":6},"end":{"line":155,"column":null}},"72":{"start":{"line":154,"column":8},"end":{"line":154,"column":null}},"73":{"start":{"line":160,"column":15},"end":{"line":160,"column":null}},"74":{"start":{"line":161,"column":23},"end":{"line":164,"column":null}},"75":{"start":{"line":166,"column":4},"end":{"line":178,"column":null}},"76":{"start":{"line":167,"column":26},"end":{"line":167,"column":null}},"77":{"start":{"line":168,"column":20},"end":{"line":168,"column":null}},"78":{"start":{"line":169,"column":22},"end":{"line":169,"column":null}},"79":{"start":{"line":171,"column":6},"end":{"line":173,"column":null}},"80":{"start":{"line":172,"column":8},"end":{"line":172,"column":null}},"81":{"start":{"line":175,"column":6},"end":{"line":177,"column":null}},"82":{"start":{"line":176,"column":8},"end":{"line":176,"column":null}},"83":{"start":{"line":182,"column":15},"end":{"line":182,"column":null}},"84":{"start":{"line":184,"column":4},"end":{"line":196,"column":null}},"85":{"start":{"line":185,"column":26},"end":{"line":185,"column":null}},"86":{"start":{"line":186,"column":20},"end":{"line":186,"column":null}},"87":{"start":{"line":187,"column":22},"end":{"line":187,"column":null}},"88":{"start":{"line":189,"column":6},"end":{"line":191,"column":null}},"89":{"start":{"line":190,"column":8},"end":{"line":190,"column":null}},"90":{"start":{"line":193,"column":6},"end":{"line":195,"column":null}},"91":{"start":{"line":194,"column":8},"end":{"line":194,"column":null}},"92":{"start":{"line":200,"column":15},"end":{"line":200,"column":null}},"93":{"start":{"line":202,"column":4},"end":{"line":222,"column":null}},"94":{"start":{"line":203,"column":26},"end":{"line":203,"column":null}},"95":{"start":{"line":204,"column":20},"end":{"line":204,"column":null}},"96":{"start":{"line":208,"column":6},"end":{"line":213,"column":null}},"97":{"start":{"line":209,"column":22},"end":{"line":209,"column":null}},"98":{"start":{"line":210,"column":8},"end":{"line":210,"column":null}},"99":{"start":{"line":212,"column":8},"end":{"line":212,"column":null}},"100":{"start":{"line":215,"column":6},"end":{"line":217,"column":null}},"101":{"start":{"line":216,"column":8},"end":{"line":216,"column":null}},"102":{"start":{"line":219,"column":6},"end":{"line":221,"column":null}},"103":{"start":{"line":220,"column":8},"end":{"line":220,"column":null}},"104":{"start":{"line":226,"column":15},"end":{"line":226,"column":null}},"105":{"start":{"line":227,"column":25},"end":{"line":227,"column":null}},"106":{"start":{"line":229,"column":4},"end":{"line":231,"column":null}},"107":{"start":{"line":230,"column":6},"end":{"line":230,"column":null}},"108":{"start":{"line":234,"column":16},"end":{"line":234,"column":null}},"109":{"start":{"line":235,"column":22},"end":{"line":237,"column":null}},"110":{"start":{"line":239,"column":30},"end":{"line":244,"column":null}},"111":{"start":{"line":246,"column":4},"end":{"line":258,"column":null}},"112":{"start":{"line":247,"column":26},"end":{"line":247,"column":null}},"113":{"start":{"line":248,"column":20},"end":{"line":248,"column":null}},"114":{"start":{"line":249,"column":22},"end":{"line":249,"column":null}},"115":{"start":{"line":251,"column":6},"end":{"line":253,"column":null}},"116":{"start":{"line":252,"column":8},"end":{"line":252,"column":null}},"117":{"start":{"line":255,"column":6},"end":{"line":257,"column":null}},"118":{"start":{"line":256,"column":8},"end":{"line":256,"column":null}},"119":{"start":{"line":262,"column":15},"end":{"line":262,"column":null}},"120":{"start":{"line":263,"column":25},"end":{"line":263,"column":null}},"121":{"start":{"line":265,"column":4},"end":{"line":267,"column":null}},"122":{"start":{"line":266,"column":6},"end":{"line":266,"column":null}},"123":{"start":{"line":269,"column":4},"end":{"line":281,"column":null}},"124":{"start":{"line":270,"column":26},"end":{"line":270,"column":null}},"125":{"start":{"line":271,"column":20},"end":{"line":271,"column":null}},"126":{"start":{"line":272,"column":22},"end":{"line":272,"column":null}},"127":{"start":{"line":274,"column":6},"end":{"line":276,"column":null}},"128":{"start":{"line":275,"column":8},"end":{"line":275,"column":null}},"129":{"start":{"line":278,"column":6},"end":{"line":280,"column":null}},"130":{"start":{"line":279,"column":8},"end":{"line":279,"column":null}},"131":{"start":{"line":285,"column":4},"end":{"line":288,"column":null}},"132":{"start":{"line":286,"column":6},"end":{"line":286,"column":null}},"133":{"start":{"line":287,"column":6},"end":{"line":287,"column":null}},"134":{"start":{"line":291,"column":2},"end":{"line":304,"column":null}}},"fnMap":{"0":{"name":"useDatabase","decl":{"start":{"line":8,"column":16},"end":{"line":8,"column":30}},"loc":{"start":{"line":8,"column":30},"end":{"line":305,"column":null}}},"1":{"name":"init","decl":{"start":{"line":9,"column":17},"end":{"line":9,"column":46}},"loc":{"start":{"line":9,"column":46},"end":{"line":40,"column":null}}},"2":{"name":"(anonymous_2)","decl":{"start":{"line":14,"column":23},"end":{"line":14,"column":24}},"loc":{"start":{"line":14,"column":44},"end":{"line":39,"column":5}}},"3":{"name":"(anonymous_3)","decl":{"start":{"line":17,"column":24},"end":{"line":17,"column":30}},"loc":{"start":{"line":17,"column":30},"end":{"line":19,"column":null}}},"4":{"name":"(anonymous_4)","decl":{"start":{"line":21,"column":26},"end":{"line":21,"column":32}},"loc":{"start":{"line":21,"column":32},"end":{"line":24,"column":null}}},"5":{"name":"(anonymous_5)","decl":{"start":{"line":26,"column":32},"end":{"line":26,"column":33}},"loc":{"start":{"line":26,"column":43},"end":{"line":38,"column":null}}},"6":{"name":"addPlayer","decl":{"start":{"line":42,"column":17},"end":{"line":42,"column":27}},"loc":{"start":{"line":42,"column":76},"end":{"line":62,"column":null}}},"7":{"name":"(anonymous_7)","decl":{"start":{"line":49,"column":23},"end":{"line":49,"column":24}},"loc":{"start":{"line":49,"column":44},"end":{"line":61,"column":5}}},"8":{"name":"(anonymous_8)","decl":{"start":{"line":54,"column":26},"end":{"line":54,"column":32}},"loc":{"start":{"line":54,"column":32},"end":{"line":56,"column":null}}},"9":{"name":"(anonymous_9)","decl":{"start":{"line":58,"column":24},"end":{"line":58,"column":30}},"loc":{"start":{"line":58,"column":30},"end":{"line":60,"column":null}}},"10":{"name":"getPlayer","decl":{"start":{"line":64,"column":17},"end":{"line":64,"column":27}},"loc":{"start":{"line":64,"column":68},"end":{"line":80,"column":null}}},"11":{"name":"(anonymous_11)","decl":{"start":{"line":67,"column":23},"end":{"line":67,"column":24}},"loc":{"start":{"line":67,"column":44},"end":{"line":79,"column":5}}},"12":{"name":"(anonymous_12)","decl":{"start":{"line":72,"column":26},"end":{"line":72,"column":32}},"loc":{"start":{"line":72,"column":32},"end":{"line":74,"column":null}}},"13":{"name":"(anonymous_13)","decl":{"start":{"line":76,"column":24},"end":{"line":76,"column":30}},"loc":{"start":{"line":76,"column":30},"end":{"line":78,"column":null}}},"14":{"name":"getAllPlayers","decl":{"start":{"line":82,"column":17},"end":{"line":82,"column":52}},"loc":{"start":{"line":82,"column":52},"end":{"line":98,"column":null}}},"15":{"name":"(anonymous_15)","decl":{"start":{"line":85,"column":23},"end":{"line":85,"column":24}},"loc":{"start":{"line":85,"column":44},"end":{"line":97,"column":5}}},"16":{"name":"(anonymous_16)","decl":{"start":{"line":90,"column":26},"end":{"line":90,"column":32}},"loc":{"start":{"line":90,"column":32},"end":{"line":92,"column":null}}},"17":{"name":"(anonymous_17)","decl":{"start":{"line":94,"column":24},"end":{"line":94,"column":30}},"loc":{"start":{"line":94,"column":30},"end":{"line":96,"column":null}}},"18":{"name":"updatePlayer","decl":{"start":{"line":100,"column":17},"end":{"line":100,"column":30}},"loc":{"start":{"line":100,"column":85},"end":{"line":134,"column":null}}},"19":{"name":"(anonymous_19)","decl":{"start":{"line":121,"column":23},"end":{"line":121,"column":24}},"loc":{"start":{"line":121,"column":44},"end":{"line":133,"column":5}}},"20":{"name":"(anonymous_20)","decl":{"start":{"line":126,"column":26},"end":{"line":126,"column":32}},"loc":{"start":{"line":126,"column":32},"end":{"line":128,"column":null}}},"21":{"name":"(anonymous_21)","decl":{"start":{"line":130,"column":24},"end":{"line":130,"column":30}},"loc":{"start":{"line":130,"column":30},"end":{"line":132,"column":null}}},"22":{"name":"deletePlayer","decl":{"start":{"line":136,"column":17},"end":{"line":136,"column":30}},"loc":{"start":{"line":136,"column":57},"end":{"line":157,"column":null}}},"23":{"name":"(anonymous_23)","decl":{"start":{"line":144,"column":23},"end":{"line":144,"column":24}},"loc":{"start":{"line":144,"column":44},"end":{"line":156,"column":5}}},"24":{"name":"(anonymous_24)","decl":{"start":{"line":149,"column":26},"end":{"line":149,"column":32}},"loc":{"start":{"line":149,"column":32},"end":{"line":151,"column":null}}},"25":{"name":"(anonymous_25)","decl":{"start":{"line":153,"column":24},"end":{"line":153,"column":30}},"loc":{"start":{"line":153,"column":30},"end":{"line":155,"column":null}}},"26":{"name":"addGame","decl":{"start":{"line":159,"column":17},"end":{"line":159,"column":25}},"loc":{"start":{"line":159,"column":68},"end":{"line":179,"column":null}}},"27":{"name":"(anonymous_27)","decl":{"start":{"line":166,"column":23},"end":{"line":166,"column":24}},"loc":{"start":{"line":166,"column":44},"end":{"line":178,"column":5}}},"28":{"name":"(anonymous_28)","decl":{"start":{"line":171,"column":26},"end":{"line":171,"column":32}},"loc":{"start":{"line":171,"column":32},"end":{"line":173,"column":null}}},"29":{"name":"(anonymous_29)","decl":{"start":{"line":175,"column":24},"end":{"line":175,"column":30}},"loc":{"start":{"line":175,"column":30},"end":{"line":177,"column":null}}},"30":{"name":"getGame","decl":{"start":{"line":181,"column":17},"end":{"line":181,"column":25}},"loc":{"start":{"line":181,"column":64},"end":{"line":197,"column":null}}},"31":{"name":"(anonymous_31)","decl":{"start":{"line":184,"column":23},"end":{"line":184,"column":24}},"loc":{"start":{"line":184,"column":44},"end":{"line":196,"column":5}}},"32":{"name":"(anonymous_32)","decl":{"start":{"line":189,"column":26},"end":{"line":189,"column":32}},"loc":{"start":{"line":189,"column":32},"end":{"line":191,"column":null}}},"33":{"name":"(anonymous_33)","decl":{"start":{"line":193,"column":24},"end":{"line":193,"column":30}},"loc":{"start":{"line":193,"column":30},"end":{"line":195,"column":null}}},"34":{"name":"getGames","decl":{"start":{"line":199,"column":17},"end":{"line":199,"column":26}},"loc":{"start":{"line":199,"column":64},"end":{"line":223,"column":null}}},"35":{"name":"(anonymous_35)","decl":{"start":{"line":202,"column":23},"end":{"line":202,"column":24}},"loc":{"start":{"line":202,"column":44},"end":{"line":222,"column":5}}},"36":{"name":"(anonymous_36)","decl":{"start":{"line":215,"column":26},"end":{"line":215,"column":32}},"loc":{"start":{"line":215,"column":32},"end":{"line":217,"column":null}}},"37":{"name":"(anonymous_37)","decl":{"start":{"line":219,"column":24},"end":{"line":219,"column":30}},"loc":{"start":{"line":219,"column":30},"end":{"line":221,"column":null}}},"38":{"name":"updateGame","decl":{"start":{"line":225,"column":17},"end":{"line":225,"column":28}},"loc":{"start":{"line":225,"column":79},"end":{"line":259,"column":null}}},"39":{"name":"(anonymous_39)","decl":{"start":{"line":246,"column":23},"end":{"line":246,"column":24}},"loc":{"start":{"line":246,"column":44},"end":{"line":258,"column":5}}},"40":{"name":"(anonymous_40)","decl":{"start":{"line":251,"column":26},"end":{"line":251,"column":32}},"loc":{"start":{"line":251,"column":32},"end":{"line":253,"column":null}}},"41":{"name":"(anonymous_41)","decl":{"start":{"line":255,"column":24},"end":{"line":255,"column":30}},"loc":{"start":{"line":255,"column":30},"end":{"line":257,"column":null}}},"42":{"name":"deleteGame","decl":{"start":{"line":261,"column":17},"end":{"line":261,"column":28}},"loc":{"start":{"line":261,"column":55},"end":{"line":282,"column":null}}},"43":{"name":"(anonymous_43)","decl":{"start":{"line":269,"column":23},"end":{"line":269,"column":24}},"loc":{"start":{"line":269,"column":44},"end":{"line":281,"column":5}}},"44":{"name":"(anonymous_44)","decl":{"start":{"line":274,"column":26},"end":{"line":274,"column":32}},"loc":{"start":{"line":274,"column":32},"end":{"line":276,"column":null}}},"45":{"name":"(anonymous_45)","decl":{"start":{"line":278,"column":24},"end":{"line":278,"column":30}},"loc":{"start":{"line":278,"column":30},"end":{"line":280,"column":null}}},"46":{"name":"close","decl":{"start":{"line":284,"column":17},"end":{"line":284,"column":40}},"loc":{"start":{"line":284,"column":40},"end":{"line":289,"column":null}}}},"branchMap":{"0":{"loc":{"start":{"line":10,"column":4},"end":{"line":12,"column":null}},"type":"if","locations":[{"start":{"line":10,"column":4},"end":{"line":12,"column":null}},{"start":{},"end":{}}]},"1":{"loc":{"start":{"line":10,"column":8},"end":{"line":10,"column":51}},"type":"binary-expr","locations":[{"start":{"line":10,"column":8},"end":{"line":10,"column":22}},{"start":{"line":10,"column":22},"end":{"line":10,"column":51}}]},"2":{"loc":{"start":{"line":29,"column":8},"end":{"line":31,"column":null}},"type":"if","locations":[{"start":{"line":29,"column":8},"end":{"line":31,"column":null}},{"start":{},"end":{}}]},"3":{"loc":{"start":{"line":33,"column":8},"end":{"line":37,"column":null}},"type":"if","locations":[{"start":{"line":33,"column":8},"end":{"line":37,"column":null}},{"start":{},"end":{}}]},"4":{"loc":{"start":{"line":104,"column":4},"end":{"line":106,"column":null}},"type":"if","locations":[{"start":{"line":104,"column":4},"end":{"line":106,"column":null}},{"start":{},"end":{}}]},"5":{"loc":{"start":{"line":110,"column":22},"end":{"line":112,"column":null}},"type":"cond-expr","locations":[{"start":{"line":111,"column":8},"end":{"line":111,"column":null}},{"start":{"line":112,"column":8},"end":{"line":112,"column":null}}]},"6":{"loc":{"start":{"line":140,"column":4},"end":{"line":142,"column":null}},"type":"if","locations":[{"start":{"line":140,"column":4},"end":{"line":142,"column":null}},{"start":{},"end":{}}]},"7":{"loc":{"start":{"line":208,"column":6},"end":{"line":213,"column":null}},"type":"if","locations":[{"start":{"line":208,"column":6},"end":{"line":213,"column":null}},{"start":{"line":211,"column":13},"end":{"line":213,"column":null}}]},"8":{"loc":{"start":{"line":229,"column":4},"end":{"line":231,"column":null}},"type":"if","locations":[{"start":{"line":229,"column":4},"end":{"line":231,"column":null}},{"start":{},"end":{}}]},"9":{"loc":{"start":{"line":235,"column":22},"end":{"line":237,"column":null}},"type":"cond-expr","locations":[{"start":{"line":236,"column":8},"end":{"line":236,"column":null}},{"start":{"line":237,"column":8},"end":{"line":237,"column":null}}]},"10":{"loc":{"start":{"line":265,"column":4},"end":{"line":267,"column":null}},"type":"if","locations":[{"start":{"line":265,"column":4},"end":{"line":267,"column":null}},{"start":{},"end":{}}]},"11":{"loc":{"start":{"line":285,"column":4},"end":{"line":288,"column":null}},"type":"if","locations":[{"start":{"line":285,"column":4},"end":{"line":288,"column":null}},{"start":{},"end":{}}]}},"s":{"0":1,"1":63,"2":43,"3":20,"4":20,"5":20,"6":0,"7":20,"8":20,"9":20,"10":20,"11":20,"12":20,"13":20,"14":20,"15":20,"16":20,"17":20,"18":6,"19":6,"20":6,"21":6,"22":6,"23":6,"24":6,"25":6,"26":6,"27":0,"28":7,"29":7,"30":7,"31":7,"32":7,"33":7,"34":7,"35":7,"36":0,"37":1,"38":1,"39":1,"40":1,"41":1,"42":1,"43":1,"44":1,"45":0,"46":2,"47":2,"48":2,"49":1,"50":1,"51":1,"52":1,"53":1,"54":1,"55":1,"56":1,"57":1,"58":1,"59":1,"60":0,"61":2,"62":2,"63":2,"64":1,"65":1,"66":1,"67":1,"68":1,"69":1,"70":1,"71":1,"72":0,"73":8,"74":8,"75":8,"76":8,"77":8,"78":8,"79":8,"80":8,"81":8,"82":0,"83":7,"84":7,"85":7,"86":7,"87":7,"88":7,"89":7,"90":7,"91":0,"92":3,"93":3,"94":3,"95":3,"96":3,"97":2,"98":2,"99":1,"100":3,"101":3,"102":3,"103":0,"104":2,"105":2,"106":2,"107":1,"108":1,"109":1,"110":1,"111":1,"112":1,"113":1,"114":1,"115":1,"116":1,"117":1,"118":0,"119":2,"120":2,"121":2,"122":1,"123":1,"124":1,"125":1,"126":1,"127":1,"128":1,"129":1,"130":0,"131":20,"132":20,"133":20,"134":20},"f":{"0":20,"1":63,"2":20,"3":0,"4":20,"5":20,"6":6,"7":6,"8":6,"9":0,"10":7,"11":7,"12":7,"13":0,"14":1,"15":1,"16":1,"17":0,"18":2,"19":1,"20":1,"21":0,"22":2,"23":1,"24":1,"25":0,"26":8,"27":8,"28":8,"29":0,"30":7,"31":7,"32":7,"33":0,"34":3,"35":3,"36":3,"37":0,"38":2,"39":1,"40":1,"41":0,"42":2,"43":1,"44":1,"45":0,"46":20},"b":{"0":[43,20],"1":[63,43],"2":[20,0],"3":[20,0],"4":[1,1],"5":[0,1],"6":[1,1],"7":[2,1],"8":[1,1],"9":[1,0],"10":[1,1],"11":[20,0]}}
,"C:/Users/mrath/git-repos/m3re-unicorn/unicorn-darts/src/utils/constants.ts": {"path":"C:/Users/mrath/git-repos/m3re-unicorn/unicorn-darts/src/utils/constants.ts","statementMap":{"0":{"start":{"line":1,"column":30},"end":{"line":1,"column":null}},"1":{"start":{"line":2,"column":27},"end":{"line":2,"column":null}},"2":{"start":{"line":3,"column":27},"end":{"line":3,"column":null}},"3":{"start":{"line":4,"column":23},"end":{"line":4,"column":null}},"4":{"start":{"line":5,"column":26},"end":{"line":5,"column":null}}},"fnMap":{},"branchMap":{},"s":{"0":1,"1":1,"2":1,"3":1,"4":1},"f":{},"b":{}}
}
